<?xml version="1.0" encoding="UTF-8"?>
<!-- Generated by org.testng.reporters.JUnitXMLReporter -->
<testsuite hostname="DESKTOP-ACQNM8H" ignored="0" name="Test" tests="2" failures="1" timestamp="2021-09-14T16:56:42 IST" time="16.471" errors="0">
  <testcase name="googleTitleTest" time="4.322" classname="day4.FirstScriptNG">
    <failure type="java.lang.AssertionError" message="expected [Google India] but found [Google]">
      <![CDATA[java.lang.AssertionError: expected [Google India] but found [Google]
at day4.FirstScriptNG.googleTitleTest(FirstScriptNG.java:28)
at java.util.ArrayList.forEach(ArrayList.java:1257)
at java.util.concurrent.FutureTask.run(FutureTask.java:266)
at java.util.concurrent.ThreadPoolExecutor.runWorker(ThreadPoolExecutor.java:1149)
at java.util.concurrent.ThreadPoolExecutor$Worker.run(ThreadPoolExecutor.java:624)
at java.lang.Thread.run(Thread.java:748)
... Removed 24 stack frames]]>
    </failure>
  </testcase> <!-- googleTitleTest -->
  <testcase name="googleSearchTest" time="3.117" classname="day4.FirstScriptNG"/>
</testsuite> <!-- Test -->
